<?xml version="1.0" encoding="UTF-8"?>
<!-- Generated by org.testng.reporters.JUnitReportReporter -->
<testsuite skipped="0" hostname="IBM-DOTNET-001" name="Demo.Demo1" tests="1" failures="0" timestamp="09 Nov 2020 04:58:37 GMT" time="0.012" errors="0">
  <testcase name="testcase1" time="0.012" classname="Demo.Demo1"/>
</testsuite> <!-- Demo.Demo1 -->
